2018/08/24 18:23:29 [alert] 16767#0: cjl epoll_wait return 1
2018/08/24 18:23:29 [alert] 16767#0: cjl events[0].events is EPOLLIN,, events[0].fd is 6
2018/08/24 18:23:35 [alert] 16767#0: cjl epoll_wait return 1
2018/08/24 18:23:35 [alert] 16767#0: cjl events[0].events is EPOLLIN,, events[0].fd is 8
2018/08/24 18:23:35 [alert] 16767#0: cjl epoll_wait return 1
2018/08/24 18:23:35 [alert] 16767#0: cjl events[0].events is EPOLLOUT,, events[0].fd is 8
2018/08/24 18:23:35 [alert] 16767#0: cjl epoll_wait return 1
2018/08/24 18:23:35 [alert] 16767#0: cjl events[0].events is EPOLLOUT,, events[0].fd is 9
2018/08/24 18:23:35 [alert] 16767#0: cjl epoll_wait return 1
2018/08/24 18:23:35 [alert] 16767#0: cjl events[0].events is EPOLLIN,EPOLLOUT,, events[0].fd is 9
2018/08/24 18:23:35 [alert] 16767#0: cjl epoll_wait return 1
2018/08/24 18:23:35 [alert] 16767#0: cjl events[0].events is EPOLLIN,EPOLLOUT,, events[0].fd is 9
2018/08/24 18:23:35 [alert] 16767#0: cjl epoll_wait return 1
018/08/24 18:23:54 [alert] 16789#0: cjl epoll_wait return 1
2018/08/24 18:23:54 [alert] 16789#0: cjl events[0].events is EPOLLIN,EPOLLOUT,, events[0].fd is 9
2018/08/24 18:23:54 [alert] 16789#0: cjl epoll_wait return 1
2018/08/24 18:23:54 [alert] 16789#0: cjl events[0].events is EPOLLIN,EPOLLOUT,, events[0].fd is 9
2018/08/24 18:23:54 [alert] 16789#0: cjl epoll_wait return 1
2018/08/24 18:23:54 [alert] 16789#0: cjl events[0].events is EPOLLOUT,, events[0].fd is 9
2018/08/24 18:23:54 [alert] 16789#0: cjl epoll_wait return 1
2018/08/24 18:23:54 [alert] 16789#0: cjl events[0].events is EPOLLIN,EPOLLOUT,, events[0].fd is 9
2018/08/24 18:23:54 [alert] 16789#0: cjl epoll_wait return 1
2018/08/24 18:23:54 [alert] 16789#0: cjl events[0].events is EPOLLIN,EPOLLOUT,, events[0].fd is 9
2018/08/24 18:23:54 [alert] 16789#0: cjl epoll_wait return 1
2018/08/24 18:23:54 [alert] 16789#0: cjl events[0].events is EPOLLIN,EPOLLOUT,, events[0].fd is 9
2018/08/24 18:23:54 [alert] 16789#0: cjl epoll_wait return 1
2018/08/24 18:23:54 [alert] 16789#0: cjl events[0].events is EPOLLIN,EPOLLOUT,, events[0].fd is 9
2018/08/24 18:23:54 [alert] 16789#0: cjl epoll_wait return 2
2018/08/24 18:23:54 [alert] 16789#0: cjl events[0].events is EPOLLIN,EPOLLOUT,EPOLLERR,EPOLLHUP,EPOLLRDHUP,, events[0].fd is 8
2018/08/24 18:23:54 [alert] 16789#0: cjl events[1].events is EPOLLIN,EPOLLOUT,, events[1].fd is 9
2018/08/24 18:23:54 [alert] 16789#0: *1 cjl ngx_close_socket 9 while reading upstream, client: 10.9.19.249, server: , request: "GET /k.rpm HTTP/1.1", upstream: "http://10.9.19.226:84/k.rpm", host: "10.8.69.70:84"
2018/08/24 18:23:54 [alert] 16789#0: *1 cjl ngx_close_socket 8 while closing request, client: 10.9.19.249, server: 0.0.0.0:84
2018/08/24 18:23:54 [alert] 16789#0: epoll: cjl a stale event, for it time(1)
